<?xml version="1.0" encoding="utf-8"?>
<CatapultTargetOutput
  GeneratedTarget="/Output/morven/Radio357_aplikacja/Radio357_aplikacja.pdf"
  BuildVersion="16.2.7685.28170">
  <Files>
    <Url
      Source="Output/morven/Temporary/Radio357_aplikacja/Radio357_aplikacja_7A2A092E/Resources/Images/Screenshot_klik_ramowka4.jpg" />
    <Url
      Source="Output/morven/Temporary/Radio357_aplikacja/Radio357_aplikacja_7A2A092E/Resources/Images/sprawdzmaila3.jpg" />
    <Url
      Source="Output/morven/Temporary/Radio357_aplikacja/Radio357_aplikacja_7A2A092E/Resources/Images/Screenshot_glowna_1.jpg" />
    <Url
      Source="Output/morven/Temporary/Radio357_aplikacja/Radio357_aplikacja_7A2A092E/Resources/Images/zaloguj sie_po kliknieciu w menu hamburger.jpg" />
    <Url
      Source="Output/morven/Temporary/Radio357_aplikacja/Radio357_aplikacja_7A2A092E/Resources/Images/Assets/Icons/Arrows/arrow-down-gray.png" />
    <Url
      Source="Output/morven/Temporary/Radio357_aplikacja/Radio357_aplikacja_7A2A092E/Resources/Images/polaczone4.jpg" />
    <Url
      Source="Output/morven/Temporary/Radio357_aplikacja/Radio357_aplikacja_7A2A092E/Resources/Images/Assets/Logo/radio357.png" />
    <Url
      Source="Output/morven/Radio357_aplikacja/Radio357_aplikacja.pdf" />
    <Url
      Source="Output/morven/Temporary/Radio357_aplikacja/Radio357_aplikacja_7A2A092E/Resources/Images/napiszdonas9.jpg" />
    <Url
      Source="Output/morven/Temporary/Radio357_aplikacja/Radio357_aplikacja_7A2A092E/Resources/Images/twoje357_nadzis.jpg" />
    <Url
      Source="Output/morven/Temporary/Radio357_aplikacja/Radio357_aplikacja_7A2A092E/Resources/Images/Screenshot_20210507_160210.jpg" />
    <Url
      Source="Output/morven/Temporary/Radio357_aplikacja/Radio357_aplikacja_7A2A092E/Resources/Images/zakladamkonto.jpg" />
    <Url
      Source="Output/morven/Temporary/Radio357_aplikacja/Radio357_aplikacja_7A2A092E/Resources/Images/Assets/Icons/Arrows/arrow-right-gray.png" />
    <Url
      Source="Output/morven/Temporary/Radio357_aplikacja/Radio357_aplikacja_7A2A092E/Resources/Images/menu_glowna_5.jpg" />
    <Url
      Source="Output/morven/Temporary/Radio357_aplikacja/Radio357_aplikacja_7A2A092E/Resources/Images/stronaglowna_pozalozeniukonta.jpg" />
    <Url
      Source="Output/morven/Temporary/Radio357_aplikacja/Radio357_aplikacja_7A2A092E/Resources/Images/stronatwojekonto_zmiana.jpg" />
    <Url
      Source="Output/morven/Temporary/Radio357_aplikacja/Radio357_aplikacja_7A2A092E/Resources/Images/laczenie2.jpg" />
    <Url
      Source="Output/morven/Temporary/Radio357_aplikacja/Radio357_aplikacja_7A2A092E/Resources/Images/oaplikacji10.jpg" />
    <Url
      Source="Output/morven/Temporary/Radio357_aplikacja/Radio357_aplikacja_7A2A092E/Resources/Images/polaczzpatronite1.jpg" />
    <Url
      Source="Output/morven/Temporary/Radio357_aplikacja/Radio357_aplikacja_7A2A092E/Resources/Images/Assets/Screenshots/instalacja.jpg" />
    <Url
      Source="Output/morven/Temporary/Radio357_aplikacja/Radio357_aplikacja_7A2A092E/Resources/Images/czerwonyguzik.jpg" />
    <Url
      Source="Output/morven/Temporary/Radio357_aplikacja/Radio357_aplikacja_7A2A092E/Resources/Images/twoje357_pozalozeniukonta.jpg" />
    <Url
      Source="Output/morven/Temporary/Radio357_aplikacja/Radio357_aplikacja_7A2A092E/Resources/Images/Screenshot_glowna3_chromcast.jpg" />
    <Url
      Source="Output/morven/Temporary/Radio357_aplikacja/Radio357_aplikacja_7A2A092E/Resources/Images/Screenshot_glowna_2_nosound.jpg" />
    <Url
      Source="Output/morven/Temporary/Radio357_aplikacja/Radio357_aplikacja_7A2A092E/Resources/Images/zalozonekonto.jpg" />
  </Files>
  <Skins />
</CatapultTargetOutput>